<?xml version="1.0" encoding="UTF-8"?>
<!-- Generated by org.testng.reporters.JUnitReportReporter -->
<testsuite hostname="DIVYA" failures="0" tests="4" name="testToExecute.TestScenariosToBeEcecuted" time="937.948" errors="0" timestamp="2024-02-08T12:40:39 IST" skipped="1">
  <testcase classname="testToExecute.TestScenariosToBeEcecuted" name="setupPhasesVerification" time="221.847"/>
  <testcase classname="testToExecute.TestScenariosToBeEcecuted" name="planningPhasesVerification" time="248.864"/>
  <testcase classname="testToExecute.TestScenariosToBeEcecuted" name="repportingPhasesVerification" time="467.237"/>
  <testcase classname="testToExecute.TestScenariosToBeEcecuted" name="configurePhasesVerification">
    <skipped/>
  </testcase> <!-- configurePhasesVerification -->
</testsuite> <!-- testToExecute.TestScenariosToBeEcecuted -->
